<?xml version="1.0" encoding="UTF-8"?>
<!-- Generated by org.testng.reporters.JUnitReportReporter -->
<testsuite skipped="0" hostname="HOME" name="com.test.SeleniumPrograms.TakeScreenshots" tests="1" failures="0" timestamp="21 May 2019 17:29:57 GMT" time="14.473" errors="0">
  <testcase name="screenshot" time="14.473" classname="com.test.SeleniumPrograms.TakeScreenshots"/>
</testsuite> <!-- com.test.SeleniumPrograms.TakeScreenshots -->
