<?xml version="1.0" encoding="UTF-8"?>
<!-- Generated by org.testng.reporters.JUnitReportReporter -->
<testsuite hostname="ECO03" failures="0" tests="2" name="com.certlink.Login" time="15.199" errors="0" timestamp="26 Dec 2018 06:50:22 GMT" skipped="0">
  <testcase classname="com.certlink.Login" name="verifyLoginUsingValidCredentials" time="13.614"/>
  <testcase classname="com.certlink.Login" name="verifyLoginUsingInValidCredentials" time="1.585"/>
</testsuite> <!-- com.certlink.Login -->
