<?xml version="1.0" encoding="UTF-8"?>
<!-- Generated by org.testng.reporters.JUnitReportReporter -->
<testsuite skipped="0" hostname="HOME" name="com.test.SeleniumPrograms.parametersWithDataProviderUsingSameClass" tests="2" failures="0" timestamp="25 May 2019 15:34:19 GMT" time="0.031" errors="0">
  <testcase name="print" time="0.015" classname="com.test.SeleniumPrograms.parametersWithDataProviderUsingSameClass"/>
  <testcase name="print" time="0.016" classname="com.test.SeleniumPrograms.parametersWithDataProviderUsingSameClass"/>
</testsuite> <!-- com.test.SeleniumPrograms.parametersWithDataProviderUsingSameClass -->
