<?xml version="1.0" encoding="UTF-8"?>
<!-- Generated by org.testng.reporters.JUnitReportReporter -->
<testsuite skipped="1" hostname="HOME" name="com.test.SeleniumPrograms.DynamicTableElement" tests="2" failures="0" timestamp="11 May 2019 07:46:18 GMT" time="10.076" errors="0">
  <testcase name="test2" time="10.076" classname="com.test.SeleniumPrograms.DynamicTableElement"/>
  <testcase name="dynamicLocatorForTableFun" classname="com.test.SeleniumPrograms.DynamicTableElement">
    <skipped/>
  </testcase> <!-- dynamicLocatorForTableFun -->
</testsuite> <!-- com.test.SeleniumPrograms.DynamicTableElement -->
