<?xml version="1.0" encoding="UTF-8"?>
<!-- Generated by org.testng.reporters.JUnitReportReporter -->
<testsuite hostname="ECO03" failures="0" tests="1" name="com.certlink.Login" time="0.486" errors="0" timestamp="18 Dec 2018 12:29:34 GMT" skipped="0">
  <testcase classname="com.certlink.Login" name="testcase1" time="0.486"/>
</testsuite> <!-- com.certlink.Login -->
