<?xml version="1.0" encoding="UTF-8"?>
<!-- Generated by org.testng.reporters.JUnitReportReporter -->
<testsuite skipped="0" hostname="HOME" name="com.test.SeleniumPrograms.RunSameTestMultipleTimes" tests="20" failures="0" timestamp="09 May 2019 18:12:51 GMT" time="0.057" errors="0">
  <testcase name="runMethod" time="0.000" classname="com.test.SeleniumPrograms.RunSameTestMultipleTimes"/>
  <testcase name="runMethod" time="0.000" classname="com.test.SeleniumPrograms.RunSameTestMultipleTimes"/>
  <testcase name="runMethod" time="0.000" classname="com.test.SeleniumPrograms.RunSameTestMultipleTimes"/>
  <testcase name="runMethod" time="0.015" classname="com.test.SeleniumPrograms.RunSameTestMultipleTimes"/>
  <testcase name="runMethod" time="0.000" classname="com.test.SeleniumPrograms.RunSameTestMultipleTimes"/>
  <testcase name="runMethod" time="0.000" classname="com.test.SeleniumPrograms.RunSameTestMultipleTimes"/>
  <testcase name="runMethod" time="0.016" classname="com.test.SeleniumPrograms.RunSameTestMultipleTimes"/>
  <testcase name="runMethod" time="0.000" classname="com.test.SeleniumPrograms.RunSameTestMultipleTimes"/>
  <testcase name="runMethod" time="0.000" classname="com.test.SeleniumPrograms.RunSameTestMultipleTimes"/>
  <testcase name="runMethod" time="0.000" classname="com.test.SeleniumPrograms.RunSameTestMultipleTimes"/>
  <testcase name="runMethod" time="0.016" classname="com.test.SeleniumPrograms.RunSameTestMultipleTimes"/>
  <testcase name="runMethod" time="0.010" classname="com.test.SeleniumPrograms.RunSameTestMultipleTimes"/>
  <testcase name="runMethod" time="0.000" classname="com.test.SeleniumPrograms.RunSameTestMultipleTimes"/>
  <testcase name="runMethod" time="0.000" classname="com.test.SeleniumPrograms.RunSameTestMultipleTimes"/>
  <testcase name="runMethod" time="0.000" classname="com.test.SeleniumPrograms.RunSameTestMultipleTimes"/>
  <testcase name="runMethod" time="0.000" classname="com.test.SeleniumPrograms.RunSameTestMultipleTimes"/>
  <testcase name="runMethod" time="0.000" classname="com.test.SeleniumPrograms.RunSameTestMultipleTimes"/>
  <testcase name="runMethod" time="0.000" classname="com.test.SeleniumPrograms.RunSameTestMultipleTimes"/>
  <testcase name="runMethod" time="0.000" classname="com.test.SeleniumPrograms.RunSameTestMultipleTimes"/>
  <testcase name="runMethod" time="0.000" classname="com.test.SeleniumPrograms.RunSameTestMultipleTimes"/>
</testsuite> <!-- com.test.SeleniumPrograms.RunSameTestMultipleTimes -->
