<?xml version="1.0" encoding="UTF-8"?>
<!-- Generated by org.testng.reporters.JUnitReportReporter -->
<testsuite hostname="ECO03" failures="0" tests="1" name="com.certlink.Login" time="1.803" errors="0" timestamp="07 Jan 2019 09:55:37 GMT" skipped="0">
  <testcase classname="com.certlink.Login" name="verifyDiplomateLoginUsingInValidCredentials" time="1.803"/>
</testsuite> <!-- com.certlink.Login -->
