<?xml version="1.0" encoding="UTF-8"?>
<!-- Generated by org.testng.reporters.JUnitReportReporter -->
<testsuite skipped="0" hostname="HOME" name="com.test.SeleniumPrograms.HandleAlerts" tests="1" failures="0" timestamp="15 May 2019 18:35:05 GMT" time="8.089" errors="0">
  <testcase name="handleAlerts" time="8.089" classname="com.test.SeleniumPrograms.HandleAlerts"/>
</testsuite> <!-- com.test.SeleniumPrograms.HandleAlerts -->
