<?xml version="1.0" encoding="UTF-8"?>
<!-- Generated by org.testng.reporters.JUnitReportReporter -->
<testsuite skipped="0" hostname="HOME" name="com.test.SeleniumPrograms.ParametersWithDPUsingDifferentClass" tests="2" failures="0" timestamp="21 May 2019 18:02:23 GMT" time="0.016" errors="0">
  <testcase name="testingDP" time="0.000" classname="com.test.SeleniumPrograms.ParametersWithDPUsingDifferentClass"/>
  <testcase name="testingDP" time="0.016" classname="com.test.SeleniumPrograms.ParametersWithDPUsingDifferentClass"/>
</testsuite> <!-- com.test.SeleniumPrograms.ParametersWithDPUsingDifferentClass -->
