<?xml version="1.0" encoding="UTF-8"?>
<!-- Generated by org.testng.reporters.JUnitReportReporter -->
<testsuite skipped="0" hostname="HOME" name="com.test.SeleniumPrograms.HandleMultipleWindows" tests="1" failures="0" timestamp="15 May 2019 03:59:43 GMT" time="70.885" errors="0">
  <testcase name="multipleWindowHandling" time="70.885" classname="com.test.SeleniumPrograms.HandleMultipleWindows"/>
</testsuite> <!-- com.test.SeleniumPrograms.HandleMultipleWindows -->
