<?xml version="1.0" encoding="UTF-8"?>
<!-- Generated by org.testng.reporters.JUnitReportReporter -->
<testsuite skipped="0" hostname="HOME" name="com.test.SeleniumPrograms.CallAutoItScript" tests="1" failures="0" timestamp="16 May 2019 04:02:09 GMT" time="41.301" errors="0">
  <testcase name="importFileUsingAutoIT" time="41.301" classname="com.test.SeleniumPrograms.CallAutoItScript"/>
</testsuite> <!-- com.test.SeleniumPrograms.CallAutoItScript -->
