<?xml version="1.0" encoding="UTF-8"?>
<!-- Generated by org.testng.reporters.JUnitReportReporter -->
<testsuite skipped="0" hostname="HOME" name="com.test.SeleniumPrograms.HandleMultipleTabs" tests="1" failures="0" timestamp="15 May 2019 04:14:27 GMT" time="15.340" errors="0">
  <testcase name="handleMutipleTabs" time="15.340" classname="com.test.SeleniumPrograms.HandleMultipleTabs"/>
</testsuite> <!-- com.test.SeleniumPrograms.HandleMultipleTabs -->
