<?xml version="1.0" encoding="UTF-8"?>
<!-- Generated by org.testng.reporters.JUnitReportReporter -->
<testsuite hostname="HOME" name="com.commonapi.APITestGetRequest" tests="1" failures="0" timestamp="2 Dec 2018 15:15:58 GMT" time="3.067" errors="0">
  <testcase name="Test_03" time="3.067" classname="com.commonapi.APITestGetRequest"/>
</testsuite> <!-- com.commonapi.APITestGetRequest -->
